[2017-06-19 22:10:13,155] INFO org.github.dragos.vscode.Main$ - Starting server in /home/gane-dev/scala-projects/scala-source-control
[2017-06-19 22:10:13,155] INFO org.github.dragos.vscode.Main$ - Starting server in /home/gane-dev/scala-projects/scala-source-control
[2017-06-19 22:10:13,180] INFO org.github.dragos.vscode.Main$ - Classpath: /home/gane-dev/.vscode/extensions/dragos.scala-lsp-0.1.4/coursier
[2017-06-19 22:10:13,180] INFO org.github.dragos.vscode.Main$ - Classpath: /home/gane-dev/.vscode/extensions/dragos.scala-lsp-0.1.4/coursier
[2017-06-19 22:10:13,832] INFO akka.event.slf4j.Slf4jLogger - Slf4jLogger started
[2017-06-19 22:10:14,571] INFO org.github.dragos.vscode.EnsimeLanguageServer - Initialized with 3774, /home/gane-dev/scala-projects/scala-source-control, ClientCapabilities()
[2017-06-19 22:10:14,571] INFO org.github.dragos.vscode.EnsimeLanguageServer - Initialized with 3774, /home/gane-dev/scala-projects/scala-source-control, ClientCapabilities()
[2017-06-19 22:10:14,883] ERROR langserver.core.Connection - No notification type exists with method=initialized
[2017-06-19 22:10:14,883] ERROR langserver.core.Connection - No notification type exists with method=initialized
[2017-06-19 22:10:21,280] INFO org.github.dragos.vscode.EnsimeLanguageServer - Got hover request at (14, 27).
[2017-06-19 22:10:21,280] INFO org.github.dragos.vscode.EnsimeLanguageServer - Got hover request at (14, 27).
[2017-06-19 22:10:21,837] ERROR langserver.core.Connection - No notification type exists with method=$/cancelRequest
[2017-06-19 22:10:21,837] ERROR langserver.core.Connection - No notification type exists with method=$/cancelRequest
[2017-06-19 22:10:22,648] INFO org.github.dragos.vscode.EnsimeLanguageServer - Got hover request at (14, 27).
[2017-06-19 22:10:22,648] INFO org.github.dragos.vscode.EnsimeLanguageServer - Got hover request at (14, 27).
[2017-06-19 22:10:22,697] ERROR langserver.core.Connection - No notification type exists with method=$/cancelRequest
[2017-06-19 22:10:22,697] ERROR langserver.core.Connection - No notification type exists with method=$/cancelRequest
[2017-06-19 22:10:23,249] INFO org.github.dragos.vscode.EnsimeLanguageServer - Got hover request at (12, 27).
[2017-06-19 22:10:23,249] INFO org.github.dragos.vscode.EnsimeLanguageServer - Got hover request at (12, 27).
[2017-06-19 22:10:23,455] ERROR langserver.core.Connection - No notification type exists with method=$/cancelRequest
[2017-06-19 22:10:23,455] ERROR langserver.core.Connection - No notification type exists with method=$/cancelRequest
[2017-06-19 22:10:44,949] INFO org.github.dragos.vscode.EnsimeLanguageServer - Got hover request at (20, 35).
[2017-06-19 22:10:44,949] INFO org.github.dragos.vscode.EnsimeLanguageServer - Got hover request at (20, 35).
[2017-06-19 22:10:45,005] ERROR langserver.core.Connection - No notification type exists with method=$/cancelRequest
[2017-06-19 22:10:45,005] ERROR langserver.core.Connection - No notification type exists with method=$/cancelRequest
[2017-06-19 22:10:47,089] INFO org.github.dragos.vscode.EnsimeLanguageServer - Got hover request at (8, 15).
[2017-06-19 22:10:47,089] INFO org.github.dragos.vscode.EnsimeLanguageServer - Got hover request at (8, 15).
[2017-06-19 22:10:47,177] ERROR langserver.core.Connection - No notification type exists with method=$/cancelRequest
[2017-06-19 22:10:47,177] ERROR langserver.core.Connection - No notification type exists with method=$/cancelRequest
[2017-06-19 22:10:49,824] INFO org.github.dragos.vscode.EnsimeLanguageServer - Got hover request at (4, 25).
[2017-06-19 22:10:49,824] INFO org.github.dragos.vscode.EnsimeLanguageServer - Got hover request at (4, 25).
[2017-06-19 22:10:50,206] ERROR langserver.core.Connection - No notification type exists with method=$/cancelRequest
[2017-06-19 22:10:50,206] ERROR langserver.core.Connection - No notification type exists with method=$/cancelRequest
[2017-06-19 22:10:50,656] INFO org.github.dragos.vscode.EnsimeLanguageServer - Got hover request at (7, 21).
[2017-06-19 22:10:50,656] INFO org.github.dragos.vscode.EnsimeLanguageServer - Got hover request at (7, 21).
[2017-06-19 22:10:50,707] ERROR langserver.core.Connection - No notification type exists with method=$/cancelRequest
[2017-06-19 22:10:50,707] ERROR langserver.core.Connection - No notification type exists with method=$/cancelRequest
[2017-06-19 22:10:51,159] INFO org.github.dragos.vscode.EnsimeLanguageServer - Got hover request at (11, 31).
[2017-06-19 22:10:51,159] INFO org.github.dragos.vscode.EnsimeLanguageServer - Got hover request at (11, 31).
[2017-06-19 22:10:51,342] ERROR langserver.core.Connection - No notification type exists with method=$/cancelRequest
[2017-06-19 22:10:51,342] ERROR langserver.core.Connection - No notification type exists with method=$/cancelRequest
[2017-06-19 22:11:05,312] INFO org.github.dragos.vscode.EnsimeLanguageServer - Got hover request at (19, 41).
[2017-06-19 22:11:05,312] INFO org.github.dragos.vscode.EnsimeLanguageServer - Got hover request at (19, 41).
[2017-06-19 22:11:05,600] ERROR langserver.core.Connection - No notification type exists with method=$/cancelRequest
[2017-06-19 22:11:05,600] ERROR langserver.core.Connection - No notification type exists with method=$/cancelRequest
[2017-06-19 22:11:05,851] INFO org.github.dragos.vscode.EnsimeLanguageServer - Got hover request at (19, 39).
[2017-06-19 22:11:05,851] INFO org.github.dragos.vscode.EnsimeLanguageServer - Got hover request at (19, 39).
[2017-06-19 22:11:06,180] ERROR langserver.core.Connection - No notification type exists with method=$/cancelRequest
[2017-06-19 22:11:06,180] ERROR langserver.core.Connection - No notification type exists with method=$/cancelRequest
[2017-06-19 22:11:06,330] INFO org.github.dragos.vscode.EnsimeLanguageServer - Got hover request at (19, 39).
[2017-06-19 22:11:06,330] INFO org.github.dragos.vscode.EnsimeLanguageServer - Got hover request at (19, 39).
[2017-06-19 22:11:06,546] ERROR langserver.core.Connection - No notification type exists with method=$/cancelRequest
[2017-06-19 22:11:06,546] ERROR langserver.core.Connection - No notification type exists with method=$/cancelRequest
[2017-06-19 22:11:06,895] INFO org.github.dragos.vscode.EnsimeLanguageServer - Got hover request at (17, 34).
[2017-06-19 22:11:06,895] INFO org.github.dragos.vscode.EnsimeLanguageServer - Got hover request at (17, 34).
[2017-06-19 22:11:06,957] ERROR langserver.core.Connection - No notification type exists with method=$/cancelRequest
[2017-06-19 22:11:06,957] ERROR langserver.core.Connection - No notification type exists with method=$/cancelRequest
[2017-06-19 22:11:09,363] INFO org.github.dragos.vscode.EnsimeLanguageServer - Got hover request at (12, 13).
[2017-06-19 22:11:09,363] INFO org.github.dragos.vscode.EnsimeLanguageServer - Got hover request at (12, 13).
[2017-06-19 22:11:10,159] ERROR langserver.core.Connection - No notification type exists with method=$/cancelRequest
[2017-06-19 22:11:10,159] ERROR langserver.core.Connection - No notification type exists with method=$/cancelRequest
[2017-06-19 22:11:11,096] INFO org.github.dragos.vscode.EnsimeLanguageServer - Got hover request at (12, 58).
[2017-06-19 22:11:11,096] INFO org.github.dragos.vscode.EnsimeLanguageServer - Got hover request at (12, 58).
[2017-06-19 22:11:11,171] ERROR langserver.core.Connection - No notification type exists with method=$/cancelRequest
[2017-06-19 22:11:11,171] ERROR langserver.core.Connection - No notification type exists with method=$/cancelRequest
[2017-06-19 22:11:12,021] INFO org.github.dragos.vscode.EnsimeLanguageServer - Got hover request at (14, 12).
[2017-06-19 22:11:12,021] INFO org.github.dragos.vscode.EnsimeLanguageServer - Got hover request at (14, 12).
[2017-06-19 22:11:12,703] ERROR langserver.core.Connection - No notification type exists with method=$/cancelRequest
[2017-06-19 22:11:12,703] ERROR langserver.core.Connection - No notification type exists with method=$/cancelRequest
[2017-06-19 22:11:12,852] INFO org.github.dragos.vscode.EnsimeLanguageServer - Got hover request at (14, 11).
[2017-06-19 22:11:12,852] INFO org.github.dragos.vscode.EnsimeLanguageServer - Got hover request at (14, 11).
[2017-06-19 22:11:13,041] ERROR langserver.core.Connection - No notification type exists with method=$/cancelRequest
[2017-06-19 22:11:13,041] ERROR langserver.core.Connection - No notification type exists with method=$/cancelRequest
[2017-06-19 22:11:17,031] INFO org.github.dragos.vscode.EnsimeLanguageServer - Got hover request at (14, 31).
[2017-06-19 22:11:17,031] INFO org.github.dragos.vscode.EnsimeLanguageServer - Got hover request at (14, 31).
[2017-06-19 22:11:17,557] ERROR langserver.core.Connection - No notification type exists with method=$/cancelRequest
[2017-06-19 22:11:17,557] ERROR langserver.core.Connection - No notification type exists with method=$/cancelRequest
[2017-06-19 22:11:18,187] INFO org.github.dragos.vscode.EnsimeLanguageServer - Got hover request at (12, 31).
[2017-06-19 22:11:18,187] INFO org.github.dragos.vscode.EnsimeLanguageServer - Got hover request at (12, 31).
[2017-06-19 22:11:18,562] ERROR langserver.core.Connection - No notification type exists with method=$/cancelRequest
[2017-06-19 22:11:18,562] ERROR langserver.core.Connection - No notification type exists with method=$/cancelRequest
[2017-06-19 22:11:19,111] INFO org.github.dragos.vscode.EnsimeLanguageServer - Got hover request at (12, 50).
[2017-06-19 22:11:19,111] INFO org.github.dragos.vscode.EnsimeLanguageServer - Got hover request at (12, 50).
[2017-06-19 22:11:19,338] ERROR langserver.core.Connection - No notification type exists with method=$/cancelRequest
[2017-06-19 22:11:19,338] ERROR langserver.core.Connection - No notification type exists with method=$/cancelRequest
[2017-06-19 22:11:19,889] INFO org.github.dragos.vscode.EnsimeLanguageServer - Got hover request at (11, 22).
[2017-06-19 22:11:19,889] INFO org.github.dragos.vscode.EnsimeLanguageServer - Got hover request at (11, 22).
[2017-06-19 22:11:19,976] ERROR langserver.core.Connection - No notification type exists with method=$/cancelRequest
[2017-06-19 22:11:19,976] ERROR langserver.core.Connection - No notification type exists with method=$/cancelRequest
[2017-06-19 22:11:20,126] INFO org.github.dragos.vscode.EnsimeLanguageServer - Got hover request at (12, 22).
[2017-06-19 22:11:20,126] INFO org.github.dragos.vscode.EnsimeLanguageServer - Got hover request at (12, 22).
[2017-06-19 22:11:20,825] ERROR langserver.core.Connection - No notification type exists with method=$/cancelRequest
[2017-06-19 22:11:20,825] ERROR langserver.core.Connection - No notification type exists with method=$/cancelRequest
[2017-06-19 22:11:21,872] INFO org.github.dragos.vscode.EnsimeLanguageServer - Got hover request at (12, 63).
[2017-06-19 22:11:21,872] INFO org.github.dragos.vscode.EnsimeLanguageServer - Got hover request at (12, 63).
[2017-06-19 22:11:22,482] ERROR langserver.core.Connection - No notification type exists with method=$/cancelRequest
[2017-06-19 22:11:22,482] ERROR langserver.core.Connection - No notification type exists with method=$/cancelRequest
[2017-06-19 22:11:23,332] INFO org.github.dragos.vscode.EnsimeLanguageServer - Got hover request at (11, 9).
[2017-06-19 22:11:23,332] INFO org.github.dragos.vscode.EnsimeLanguageServer - Got hover request at (11, 9).
[2017-06-19 22:11:23,646] ERROR langserver.core.Connection - No notification type exists with method=$/cancelRequest
[2017-06-19 22:11:23,646] ERROR langserver.core.Connection - No notification type exists with method=$/cancelRequest
[2017-06-19 22:11:30,677] INFO org.github.dragos.vscode.EnsimeLanguageServer - Got hover request at (17, 12).
[2017-06-19 22:11:30,677] INFO org.github.dragos.vscode.EnsimeLanguageServer - Got hover request at (17, 12).
[2017-06-19 22:11:31,135] ERROR langserver.core.Connection - No notification type exists with method=$/cancelRequest
[2017-06-19 22:11:31,135] ERROR langserver.core.Connection - No notification type exists with method=$/cancelRequest
[2017-06-19 22:11:36,708] INFO org.github.dragos.vscode.EnsimeLanguageServer - Got hover request at (17, 10).
[2017-06-19 22:11:36,708] INFO org.github.dragos.vscode.EnsimeLanguageServer - Got hover request at (17, 10).
[2017-06-19 22:11:36,854] ERROR langserver.core.Connection - No notification type exists with method=$/cancelRequest
[2017-06-19 22:11:36,854] ERROR langserver.core.Connection - No notification type exists with method=$/cancelRequest
[2017-06-19 22:11:37,204] INFO org.github.dragos.vscode.EnsimeLanguageServer - Got hover request at (17, 24).
[2017-06-19 22:11:37,204] INFO org.github.dragos.vscode.EnsimeLanguageServer - Got hover request at (17, 24).
[2017-06-19 22:11:37,485] ERROR langserver.core.Connection - No notification type exists with method=$/cancelRequest
[2017-06-19 22:11:37,485] ERROR langserver.core.Connection - No notification type exists with method=$/cancelRequest
[2017-06-19 22:11:43,092] INFO org.github.dragos.vscode.EnsimeLanguageServer - Got hover request at (17, 23).
[2017-06-19 22:11:43,092] INFO org.github.dragos.vscode.EnsimeLanguageServer - Got hover request at (17, 23).
[2017-06-19 22:11:43,434] ERROR langserver.core.Connection - No notification type exists with method=$/cancelRequest
[2017-06-19 22:11:43,434] ERROR langserver.core.Connection - No notification type exists with method=$/cancelRequest
[2017-06-19 22:11:43,584] INFO org.github.dragos.vscode.EnsimeLanguageServer - Got hover request at (17, 23).
[2017-06-19 22:11:43,584] INFO org.github.dragos.vscode.EnsimeLanguageServer - Got hover request at (17, 23).
[2017-06-19 22:11:44,970] ERROR langserver.core.Connection - No notification type exists with method=$/cancelRequest
[2017-06-19 22:11:44,970] ERROR langserver.core.Connection - No notification type exists with method=$/cancelRequest
[2017-06-19 22:11:45,421] INFO org.github.dragos.vscode.EnsimeLanguageServer - Got hover request at (18, 53).
[2017-06-19 22:11:45,421] INFO org.github.dragos.vscode.EnsimeLanguageServer - Got hover request at (18, 53).
[2017-06-19 22:11:45,471] ERROR langserver.core.Connection - No notification type exists with method=$/cancelRequest
[2017-06-19 22:11:45,471] ERROR langserver.core.Connection - No notification type exists with method=$/cancelRequest
[2017-06-19 22:11:46,521] INFO org.github.dragos.vscode.EnsimeLanguageServer - Got hover request at (19, 5).
[2017-06-19 22:11:46,521] INFO org.github.dragos.vscode.EnsimeLanguageServer - Got hover request at (19, 5).
[2017-06-19 22:11:47,348] ERROR langserver.core.Connection - No notification type exists with method=$/cancelRequest
[2017-06-19 22:11:47,348] ERROR langserver.core.Connection - No notification type exists with method=$/cancelRequest
[2017-06-19 22:11:48,002] INFO org.github.dragos.vscode.EnsimeLanguageServer - Got hover request at (20, 36).
[2017-06-19 22:11:48,002] INFO org.github.dragos.vscode.EnsimeLanguageServer - Got hover request at (20, 36).
[2017-06-19 22:11:49,347] ERROR langserver.core.Connection - No notification type exists with method=$/cancelRequest
[2017-06-19 22:11:49,347] ERROR langserver.core.Connection - No notification type exists with method=$/cancelRequest
[2017-06-19 22:11:49,596] INFO org.github.dragos.vscode.EnsimeLanguageServer - Got hover request at (20, 35).
[2017-06-19 22:11:49,596] INFO org.github.dragos.vscode.EnsimeLanguageServer - Got hover request at (20, 35).
[2017-06-19 22:11:49,717] ERROR langserver.core.Connection - No notification type exists with method=$/cancelRequest
[2017-06-19 22:11:49,717] ERROR langserver.core.Connection - No notification type exists with method=$/cancelRequest
[2017-06-19 22:11:50,064] INFO org.github.dragos.vscode.EnsimeLanguageServer - Got hover request at (20, 33).
[2017-06-19 22:11:50,064] INFO org.github.dragos.vscode.EnsimeLanguageServer - Got hover request at (20, 33).
[2017-06-19 22:11:50,422] ERROR langserver.core.Connection - No notification type exists with method=$/cancelRequest
[2017-06-19 22:11:50,422] ERROR langserver.core.Connection - No notification type exists with method=$/cancelRequest
[2017-06-19 22:11:53,612] INFO org.github.dragos.vscode.EnsimeLanguageServer - Got hover request at (20, 48).
[2017-06-19 22:11:53,612] INFO org.github.dragos.vscode.EnsimeLanguageServer - Got hover request at (20, 48).
[2017-06-19 22:11:54,801] ERROR langserver.core.Connection - No notification type exists with method=$/cancelRequest
[2017-06-19 22:11:54,801] ERROR langserver.core.Connection - No notification type exists with method=$/cancelRequest
[2017-06-19 22:12:46,916] INFO org.github.dragos.vscode.EnsimeLanguageServer - Got hover request at (26, 3).
[2017-06-19 22:12:46,916] INFO org.github.dragos.vscode.EnsimeLanguageServer - Got hover request at (26, 3).
[2017-06-19 22:12:47,058] ERROR langserver.core.Connection - No notification type exists with method=$/cancelRequest
[2017-06-19 22:12:47,058] ERROR langserver.core.Connection - No notification type exists with method=$/cancelRequest
[2017-06-19 22:12:48,752] INFO org.github.dragos.vscode.EnsimeLanguageServer - Got hover request at (25, 14).
[2017-06-19 22:12:48,752] INFO org.github.dragos.vscode.EnsimeLanguageServer - Got hover request at (25, 14).
[2017-06-19 22:12:48,803] ERROR langserver.core.Connection - No notification type exists with method=$/cancelRequest
[2017-06-19 22:12:48,803] ERROR langserver.core.Connection - No notification type exists with method=$/cancelRequest
[2017-06-19 22:12:48,953] INFO org.github.dragos.vscode.EnsimeLanguageServer - Got hover request at (23, 13).
[2017-06-19 22:12:48,953] INFO org.github.dragos.vscode.EnsimeLanguageServer - Got hover request at (23, 13).
[2017-06-19 22:12:49,002] ERROR langserver.core.Connection - No notification type exists with method=$/cancelRequest
[2017-06-19 22:12:49,002] ERROR langserver.core.Connection - No notification type exists with method=$/cancelRequest
[2017-06-19 22:12:49,152] INFO org.github.dragos.vscode.EnsimeLanguageServer - Got hover request at (23, 13).
[2017-06-19 22:12:49,152] INFO org.github.dragos.vscode.EnsimeLanguageServer - Got hover request at (23, 13).
[2017-06-19 22:12:49,953] ERROR langserver.core.Connection - No notification type exists with method=$/cancelRequest
[2017-06-19 22:12:49,953] ERROR langserver.core.Connection - No notification type exists with method=$/cancelRequest
[2017-06-19 22:12:51,568] INFO org.github.dragos.vscode.EnsimeLanguageServer - Got hover request at (17, 16).
[2017-06-19 22:12:51,568] INFO org.github.dragos.vscode.EnsimeLanguageServer - Got hover request at (17, 16).
[2017-06-19 22:12:51,874] ERROR langserver.core.Connection - No notification type exists with method=$/cancelRequest
[2017-06-19 22:12:51,874] ERROR langserver.core.Connection - No notification type exists with method=$/cancelRequest
[2017-06-19 22:12:52,524] INFO org.github.dragos.vscode.EnsimeLanguageServer - Got hover request at (11, 12).
[2017-06-19 22:12:52,524] INFO org.github.dragos.vscode.EnsimeLanguageServer - Got hover request at (11, 12).
[2017-06-19 22:12:52,594] ERROR langserver.core.Connection - No notification type exists with method=$/cancelRequest
[2017-06-19 22:12:52,594] ERROR langserver.core.Connection - No notification type exists with method=$/cancelRequest
[2017-06-19 22:12:54,044] INFO org.github.dragos.vscode.EnsimeLanguageServer - Got hover request at (23, 17).
[2017-06-19 22:12:54,044] INFO org.github.dragos.vscode.EnsimeLanguageServer - Got hover request at (23, 17).
[2017-06-19 22:12:54,504] ERROR langserver.core.Connection - No notification type exists with method=$/cancelRequest
[2017-06-19 22:12:54,504] ERROR langserver.core.Connection - No notification type exists with method=$/cancelRequest
[2017-06-19 22:12:55,812] INFO org.github.dragos.vscode.EnsimeLanguageServer - Got hover request at (29, 36).
[2017-06-19 22:12:55,812] INFO org.github.dragos.vscode.EnsimeLanguageServer - Got hover request at (29, 36).
[2017-06-19 22:12:55,990] ERROR langserver.core.Connection - No notification type exists with method=$/cancelRequest
[2017-06-19 22:12:55,990] ERROR langserver.core.Connection - No notification type exists with method=$/cancelRequest
[2017-06-19 22:13:00,345] INFO org.github.dragos.vscode.EnsimeLanguageServer - Got hover request at (18, 20).
[2017-06-19 22:13:00,345] INFO org.github.dragos.vscode.EnsimeLanguageServer - Got hover request at (18, 20).
[2017-06-19 22:13:00,578] ERROR langserver.core.Connection - No notification type exists with method=$/cancelRequest
[2017-06-19 22:13:00,578] ERROR langserver.core.Connection - No notification type exists with method=$/cancelRequest
[2017-06-19 22:13:00,728] INFO org.github.dragos.vscode.EnsimeLanguageServer - Got hover request at (17, 19).
[2017-06-19 22:13:00,728] INFO org.github.dragos.vscode.EnsimeLanguageServer - Got hover request at (17, 19).
[2017-06-19 22:13:00,778] ERROR langserver.core.Connection - No notification type exists with method=$/cancelRequest
[2017-06-19 22:13:00,778] ERROR langserver.core.Connection - No notification type exists with method=$/cancelRequest
[2017-06-19 22:13:00,928] INFO org.github.dragos.vscode.EnsimeLanguageServer - Got hover request at (17, 19).
[2017-06-19 22:13:00,928] INFO org.github.dragos.vscode.EnsimeLanguageServer - Got hover request at (17, 19).
[2017-06-19 22:13:01,074] ERROR langserver.core.Connection - No notification type exists with method=$/cancelRequest
[2017-06-19 22:13:01,074] ERROR langserver.core.Connection - No notification type exists with method=$/cancelRequest
[2017-06-19 22:13:03,476] INFO org.github.dragos.vscode.EnsimeLanguageServer - Got hover request at (31, 9).
[2017-06-19 22:13:03,476] INFO org.github.dragos.vscode.EnsimeLanguageServer - Got hover request at (31, 9).
[2017-06-19 22:13:03,573] ERROR langserver.core.Connection - No notification type exists with method=$/cancelRequest
[2017-06-19 22:13:03,573] ERROR langserver.core.Connection - No notification type exists with method=$/cancelRequest
[2017-06-19 22:13:05,044] INFO org.github.dragos.vscode.EnsimeLanguageServer - Got hover request at (29, 27).
[2017-06-19 22:13:05,044] INFO org.github.dragos.vscode.EnsimeLanguageServer - Got hover request at (29, 27).
[2017-06-19 22:13:05,338] ERROR langserver.core.Connection - No notification type exists with method=$/cancelRequest
[2017-06-19 22:13:05,338] ERROR langserver.core.Connection - No notification type exists with method=$/cancelRequest
[2017-06-19 22:13:05,688] INFO org.github.dragos.vscode.EnsimeLanguageServer - Got hover request at (29, 32).
[2017-06-19 22:13:05,688] INFO org.github.dragos.vscode.EnsimeLanguageServer - Got hover request at (29, 32).
[2017-06-19 22:13:05,702] ERROR langserver.core.Connection - No notification type exists with method=$/cancelRequest
[2017-06-19 22:13:05,702] ERROR langserver.core.Connection - No notification type exists with method=$/cancelRequest
[2017-06-19 22:13:30,264] INFO org.github.dragos.vscode.EnsimeLanguageServer - Got hover request at (36, 36).
[2017-06-19 22:13:30,264] INFO org.github.dragos.vscode.EnsimeLanguageServer - Got hover request at (36, 36).
[2017-06-19 22:13:30,906] ERROR langserver.core.Connection - No notification type exists with method=$/cancelRequest
[2017-06-19 22:13:30,906] ERROR langserver.core.Connection - No notification type exists with method=$/cancelRequest
[2017-06-19 22:13:31,057] INFO org.github.dragos.vscode.EnsimeLanguageServer - Got hover request at (37, 35).
[2017-06-19 22:13:31,057] INFO org.github.dragos.vscode.EnsimeLanguageServer - Got hover request at (37, 35).
[2017-06-19 22:13:31,133] ERROR langserver.core.Connection - No notification type exists with method=$/cancelRequest
[2017-06-19 22:13:31,133] ERROR langserver.core.Connection - No notification type exists with method=$/cancelRequest
[2017-06-19 22:13:32,977] INFO org.github.dragos.vscode.EnsimeLanguageServer - Got hover request at (32, 59).
[2017-06-19 22:13:32,977] INFO org.github.dragos.vscode.EnsimeLanguageServer - Got hover request at (32, 59).
[2017-06-19 22:13:33,379] ERROR langserver.core.Connection - No notification type exists with method=$/cancelRequest
[2017-06-19 22:13:33,379] ERROR langserver.core.Connection - No notification type exists with method=$/cancelRequest
[2017-06-19 22:13:34,209] INFO org.github.dragos.vscode.EnsimeLanguageServer - Got hover request at (25, 53).
[2017-06-19 22:13:34,209] INFO org.github.dragos.vscode.EnsimeLanguageServer - Got hover request at (25, 53).
[2017-06-19 22:13:34,299] ERROR langserver.core.Connection - No notification type exists with method=$/cancelRequest
[2017-06-19 22:13:34,299] ERROR langserver.core.Connection - No notification type exists with method=$/cancelRequest
[2017-06-19 22:13:45,601] INFO org.github.dragos.vscode.EnsimeLanguageServer - Got hover request at (40, 53).
[2017-06-19 22:13:45,601] INFO org.github.dragos.vscode.EnsimeLanguageServer - Got hover request at (40, 53).
[2017-06-19 22:13:45,777] ERROR langserver.core.Connection - No notification type exists with method=$/cancelRequest
[2017-06-19 22:13:45,777] ERROR langserver.core.Connection - No notification type exists with method=$/cancelRequest
[2017-06-19 22:13:47,929] INFO org.github.dragos.vscode.EnsimeLanguageServer - Got hover request at (43, 59).
[2017-06-19 22:13:47,929] INFO org.github.dragos.vscode.EnsimeLanguageServer - Got hover request at (43, 59).
[2017-06-19 22:13:49,312] ERROR langserver.core.Connection - No notification type exists with method=$/cancelRequest
[2017-06-19 22:13:49,312] ERROR langserver.core.Connection - No notification type exists with method=$/cancelRequest
[2017-06-19 22:13:49,462] INFO org.github.dragos.vscode.EnsimeLanguageServer - Got hover request at (43, 59).
[2017-06-19 22:13:49,462] INFO org.github.dragos.vscode.EnsimeLanguageServer - Got hover request at (43, 59).
[2017-06-19 22:13:49,759] ERROR langserver.core.Connection - No notification type exists with method=$/cancelRequest
[2017-06-19 22:13:49,759] ERROR langserver.core.Connection - No notification type exists with method=$/cancelRequest
[2017-06-19 22:13:49,910] INFO org.github.dragos.vscode.EnsimeLanguageServer - Got hover request at (43, 59).
[2017-06-19 22:13:49,910] INFO org.github.dragos.vscode.EnsimeLanguageServer - Got hover request at (43, 59).
[2017-06-19 22:13:50,260] ERROR langserver.core.Connection - No notification type exists with method=$/cancelRequest
[2017-06-19 22:13:50,260] ERROR langserver.core.Connection - No notification type exists with method=$/cancelRequest
[2017-06-19 22:13:51,093] INFO org.github.dragos.vscode.EnsimeLanguageServer - Got hover request at (40, 62).
[2017-06-19 22:13:51,093] INFO org.github.dragos.vscode.EnsimeLanguageServer - Got hover request at (40, 62).
[2017-06-19 22:13:51,283] ERROR langserver.core.Connection - No notification type exists with method=$/cancelRequest
[2017-06-19 22:13:51,283] ERROR langserver.core.Connection - No notification type exists with method=$/cancelRequest
[2017-06-19 22:13:57,642] INFO org.github.dragos.vscode.EnsimeLanguageServer - Got hover request at (41, 33).
[2017-06-19 22:13:57,642] INFO org.github.dragos.vscode.EnsimeLanguageServer - Got hover request at (41, 33).
[2017-06-19 22:13:57,692] ERROR langserver.core.Connection - No notification type exists with method=$/cancelRequest
[2017-06-19 22:13:57,692] ERROR langserver.core.Connection - No notification type exists with method=$/cancelRequest
[2017-06-19 22:13:57,843] INFO org.github.dragos.vscode.EnsimeLanguageServer - Got hover request at (41, 32).
[2017-06-19 22:13:57,843] INFO org.github.dragos.vscode.EnsimeLanguageServer - Got hover request at (41, 32).
[2017-06-19 22:13:59,801] ERROR langserver.core.Connection - No notification type exists with method=$/cancelRequest
[2017-06-19 22:13:59,801] ERROR langserver.core.Connection - No notification type exists with method=$/cancelRequest
[2017-06-19 22:14:00,859] INFO org.github.dragos.vscode.EnsimeLanguageServer - Got hover request at (42, 27).
[2017-06-19 22:14:00,859] INFO org.github.dragos.vscode.EnsimeLanguageServer - Got hover request at (42, 27).
[2017-06-19 22:14:00,908] ERROR langserver.core.Connection - No notification type exists with method=$/cancelRequest
[2017-06-19 22:14:00,908] ERROR langserver.core.Connection - No notification type exists with method=$/cancelRequest
[2017-06-19 22:14:01,058] INFO org.github.dragos.vscode.EnsimeLanguageServer - Got hover request at (41, 33).
[2017-06-19 22:14:01,058] INFO org.github.dragos.vscode.EnsimeLanguageServer - Got hover request at (41, 33).
[2017-06-19 22:14:01,108] ERROR langserver.core.Connection - No notification type exists with method=$/cancelRequest
[2017-06-19 22:14:01,108] ERROR langserver.core.Connection - No notification type exists with method=$/cancelRequest
[2017-06-19 22:14:02,870] INFO org.github.dragos.vscode.EnsimeLanguageServer - Got hover request at (47, 28).
[2017-06-19 22:14:02,870] INFO org.github.dragos.vscode.EnsimeLanguageServer - Got hover request at (47, 28).
[2017-06-19 22:14:02,873] ERROR langserver.core.Connection - No notification type exists with method=$/cancelRequest
[2017-06-19 22:14:02,873] ERROR langserver.core.Connection - No notification type exists with method=$/cancelRequest
[2017-06-19 22:14:04,191] INFO org.github.dragos.vscode.EnsimeLanguageServer - Got hover request at (47, 27).
[2017-06-19 22:14:04,191] INFO org.github.dragos.vscode.EnsimeLanguageServer - Got hover request at (47, 27).
[2017-06-19 22:14:04,745] ERROR langserver.core.Connection - No notification type exists with method=$/cancelRequest
[2017-06-19 22:14:04,745] ERROR langserver.core.Connection - No notification type exists with method=$/cancelRequest
[2017-06-19 22:14:05,799] INFO org.github.dragos.vscode.EnsimeLanguageServer - Got hover request at (43, 29).
[2017-06-19 22:14:05,799] INFO org.github.dragos.vscode.EnsimeLanguageServer - Got hover request at (43, 29).
[2017-06-19 22:14:06,531] ERROR langserver.core.Connection - No notification type exists with method=$/cancelRequest
[2017-06-19 22:14:06,531] ERROR langserver.core.Connection - No notification type exists with method=$/cancelRequest
[2017-06-19 22:14:08,827] INFO org.github.dragos.vscode.EnsimeLanguageServer - Got hover request at (35, 1).
[2017-06-19 22:14:08,827] INFO org.github.dragos.vscode.EnsimeLanguageServer - Got hover request at (35, 1).
[2017-06-19 22:14:09,713] ERROR langserver.core.Connection - No notification type exists with method=$/cancelRequest
[2017-06-19 22:14:09,713] ERROR langserver.core.Connection - No notification type exists with method=$/cancelRequest
[2017-06-19 22:14:10,862] INFO org.github.dragos.vscode.EnsimeLanguageServer - Got hover request at (40, 22).
[2017-06-19 22:14:10,862] INFO org.github.dragos.vscode.EnsimeLanguageServer - Got hover request at (40, 22).
[2017-06-19 22:14:13,374] ERROR langserver.core.Connection - No notification type exists with method=$/cancelRequest
[2017-06-19 22:14:13,374] ERROR langserver.core.Connection - No notification type exists with method=$/cancelRequest
[2017-06-19 22:14:13,822] INFO org.github.dragos.vscode.EnsimeLanguageServer - Got hover request at (42, 19).
[2017-06-19 22:14:13,822] INFO org.github.dragos.vscode.EnsimeLanguageServer - Got hover request at (42, 19).
[2017-06-19 22:14:13,959] ERROR langserver.core.Connection - No notification type exists with method=$/cancelRequest
[2017-06-19 22:14:13,959] ERROR langserver.core.Connection - No notification type exists with method=$/cancelRequest
[2017-06-19 22:14:20,094] INFO org.github.dragos.vscode.EnsimeLanguageServer - Got hover request at (43, 32).
[2017-06-19 22:14:20,094] INFO org.github.dragos.vscode.EnsimeLanguageServer - Got hover request at (43, 32).
[2017-06-19 22:14:20,162] ERROR langserver.core.Connection - No notification type exists with method=$/cancelRequest
[2017-06-19 22:14:20,162] ERROR langserver.core.Connection - No notification type exists with method=$/cancelRequest
[2017-06-19 22:14:23,178] INFO org.github.dragos.vscode.EnsimeLanguageServer - Got hover request at (57, 28).
[2017-06-19 22:14:23,178] INFO org.github.dragos.vscode.EnsimeLanguageServer - Got hover request at (57, 28).
[2017-06-19 22:14:23,480] ERROR langserver.core.Connection - No notification type exists with method=$/cancelRequest
[2017-06-19 22:14:23,480] ERROR langserver.core.Connection - No notification type exists with method=$/cancelRequest
[2017-06-19 22:16:04,111] INFO org.github.dragos.vscode.EnsimeLanguageServer - Got hover request at (43, 10).
[2017-06-19 22:16:04,111] INFO org.github.dragos.vscode.EnsimeLanguageServer - Got hover request at (43, 10).
[2017-06-19 22:16:04,731] ERROR langserver.core.Connection - No notification type exists with method=$/cancelRequest
[2017-06-19 22:16:04,731] ERROR langserver.core.Connection - No notification type exists with method=$/cancelRequest
[2017-06-19 22:16:05,282] INFO org.github.dragos.vscode.EnsimeLanguageServer - Got hover request at (47, 67).
[2017-06-19 22:16:05,282] INFO org.github.dragos.vscode.EnsimeLanguageServer - Got hover request at (47, 67).
[2017-06-19 22:16:06,031] ERROR langserver.core.Connection - No notification type exists with method=$/cancelRequest
[2017-06-19 22:16:06,031] ERROR langserver.core.Connection - No notification type exists with method=$/cancelRequest
[2017-06-19 22:16:07,829] INFO org.github.dragos.vscode.EnsimeLanguageServer - Got hover request at (51, 17).
[2017-06-19 22:16:07,829] INFO org.github.dragos.vscode.EnsimeLanguageServer - Got hover request at (51, 17).
[2017-06-19 22:16:07,927] ERROR langserver.core.Connection - No notification type exists with method=$/cancelRequest
[2017-06-19 22:16:07,927] ERROR langserver.core.Connection - No notification type exists with method=$/cancelRequest
[2017-06-19 22:16:08,078] INFO org.github.dragos.vscode.EnsimeLanguageServer - Got hover request at (51, 16).
[2017-06-19 22:16:08,078] INFO org.github.dragos.vscode.EnsimeLanguageServer - Got hover request at (51, 16).
[2017-06-19 22:16:08,339] ERROR langserver.core.Connection - No notification type exists with method=$/cancelRequest
[2017-06-19 22:16:08,339] ERROR langserver.core.Connection - No notification type exists with method=$/cancelRequest
[2017-06-19 22:16:08,489] INFO org.github.dragos.vscode.EnsimeLanguageServer - Got hover request at (51, 16).
[2017-06-19 22:16:08,489] INFO org.github.dragos.vscode.EnsimeLanguageServer - Got hover request at (51, 16).
[2017-06-19 22:16:08,831] ERROR langserver.core.Connection - No notification type exists with method=$/cancelRequest
[2017-06-19 22:16:08,831] ERROR langserver.core.Connection - No notification type exists with method=$/cancelRequest
[2017-06-19 22:16:08,981] INFO org.github.dragos.vscode.EnsimeLanguageServer - Got hover request at (51, 15).
[2017-06-19 22:16:08,981] INFO org.github.dragos.vscode.EnsimeLanguageServer - Got hover request at (51, 15).
[2017-06-19 22:16:10,392] ERROR langserver.core.Connection - No notification type exists with method=$/cancelRequest
[2017-06-19 22:16:10,392] ERROR langserver.core.Connection - No notification type exists with method=$/cancelRequest
[2017-06-19 22:16:12,149] INFO org.github.dragos.vscode.EnsimeLanguageServer - Got hover request at (41, 32).
[2017-06-19 22:16:12,149] INFO org.github.dragos.vscode.EnsimeLanguageServer - Got hover request at (41, 32).
[2017-06-19 22:16:12,171] ERROR langserver.core.Connection - No notification type exists with method=$/cancelRequest
[2017-06-19 22:16:12,171] ERROR langserver.core.Connection - No notification type exists with method=$/cancelRequest
[2017-06-19 22:16:12,614] INFO org.github.dragos.vscode.EnsimeLanguageServer - Got hover request at (42, 17).
[2017-06-19 22:16:12,614] INFO org.github.dragos.vscode.EnsimeLanguageServer - Got hover request at (42, 17).
[2017-06-19 22:16:13,621] ERROR langserver.core.Connection - No notification type exists with method=$/cancelRequest
[2017-06-19 22:16:13,621] ERROR langserver.core.Connection - No notification type exists with method=$/cancelRequest
[2017-06-19 22:16:13,769] INFO org.github.dragos.vscode.EnsimeLanguageServer - Got hover request at (42, 16).
[2017-06-19 22:16:13,769] INFO org.github.dragos.vscode.EnsimeLanguageServer - Got hover request at (42, 16).
[2017-06-19 22:16:13,879] ERROR langserver.core.Connection - No notification type exists with method=$/cancelRequest
[2017-06-19 22:16:13,879] ERROR langserver.core.Connection - No notification type exists with method=$/cancelRequest
[2017-06-19 22:16:14,030] INFO org.github.dragos.vscode.EnsimeLanguageServer - Got hover request at (41, 16).
[2017-06-19 22:16:14,030] INFO org.github.dragos.vscode.EnsimeLanguageServer - Got hover request at (41, 16).
[2017-06-19 22:16:14,559] ERROR langserver.core.Connection - No notification type exists with method=$/cancelRequest
[2017-06-19 22:16:14,559] ERROR langserver.core.Connection - No notification type exists with method=$/cancelRequest
[2017-06-19 22:16:14,710] INFO org.github.dragos.vscode.EnsimeLanguageServer - Got hover request at (41, 16).
[2017-06-19 22:16:14,710] INFO org.github.dragos.vscode.EnsimeLanguageServer - Got hover request at (41, 16).
[2017-06-19 22:16:14,860] ERROR langserver.core.Connection - No notification type exists with method=$/cancelRequest
[2017-06-19 22:16:14,860] ERROR langserver.core.Connection - No notification type exists with method=$/cancelRequest
[2017-06-19 22:16:15,111] INFO org.github.dragos.vscode.EnsimeLanguageServer - Got hover request at (40, 15).
[2017-06-19 22:16:15,111] INFO org.github.dragos.vscode.EnsimeLanguageServer - Got hover request at (40, 15).
[2017-06-19 22:16:15,379] ERROR langserver.core.Connection - No notification type exists with method=$/cancelRequest
[2017-06-19 22:16:15,379] ERROR langserver.core.Connection - No notification type exists with method=$/cancelRequest
[2017-06-19 22:16:15,609] INFO org.github.dragos.vscode.EnsimeLanguageServer - Got hover request at (43, 14).
[2017-06-19 22:16:15,609] INFO org.github.dragos.vscode.EnsimeLanguageServer - Got hover request at (43, 14).
[2017-06-19 22:16:15,879] ERROR langserver.core.Connection - No notification type exists with method=$/cancelRequest
[2017-06-19 22:16:15,879] ERROR langserver.core.Connection - No notification type exists with method=$/cancelRequest
[2017-06-19 22:16:18,962] INFO org.github.dragos.vscode.EnsimeLanguageServer - Got hover request at (47, 7).
[2017-06-19 22:16:18,962] INFO org.github.dragos.vscode.EnsimeLanguageServer - Got hover request at (47, 7).
[2017-06-19 22:16:19,112] ERROR langserver.core.Connection - No notification type exists with method=$/cancelRequest
[2017-06-19 22:16:19,112] ERROR langserver.core.Connection - No notification type exists with method=$/cancelRequest
[2017-06-19 22:16:19,261] INFO org.github.dragos.vscode.EnsimeLanguageServer - Got hover request at (47, 6).
[2017-06-19 22:16:19,261] INFO org.github.dragos.vscode.EnsimeLanguageServer - Got hover request at (47, 6).
[2017-06-19 22:16:19,331] ERROR langserver.core.Connection - No notification type exists with method=$/cancelRequest
[2017-06-19 22:16:19,331] ERROR langserver.core.Connection - No notification type exists with method=$/cancelRequest
[2017-06-19 22:16:19,681] INFO org.github.dragos.vscode.EnsimeLanguageServer - Got hover request at (50, 37).
[2017-06-19 22:16:19,681] INFO org.github.dragos.vscode.EnsimeLanguageServer - Got hover request at (50, 37).
[2017-06-19 22:16:19,771] ERROR langserver.core.Connection - No notification type exists with method=$/cancelRequest
[2017-06-19 22:16:19,771] ERROR langserver.core.Connection - No notification type exists with method=$/cancelRequest
[2017-06-19 22:16:20,022] INFO org.github.dragos.vscode.EnsimeLanguageServer - Got hover request at (50, 42).
[2017-06-19 22:16:20,022] INFO org.github.dragos.vscode.EnsimeLanguageServer - Got hover request at (50, 42).
[2017-06-19 22:16:20,300] ERROR langserver.core.Connection - No notification type exists with method=$/cancelRequest
[2017-06-19 22:16:20,300] ERROR langserver.core.Connection - No notification type exists with method=$/cancelRequest
[2017-06-19 22:16:24,659] INFO org.github.dragos.vscode.EnsimeLanguageServer - Got hover request at (60, 7).
[2017-06-19 22:16:24,659] INFO org.github.dragos.vscode.EnsimeLanguageServer - Got hover request at (60, 7).
[2017-06-19 22:16:24,711] ERROR langserver.core.Connection - No notification type exists with method=$/cancelRequest
[2017-06-19 22:16:24,711] ERROR langserver.core.Connection - No notification type exists with method=$/cancelRequest
[2017-06-19 22:16:24,962] INFO org.github.dragos.vscode.EnsimeLanguageServer - Got hover request at (60, 5).
[2017-06-19 22:16:24,962] INFO org.github.dragos.vscode.EnsimeLanguageServer - Got hover request at (60, 5).
[2017-06-19 22:16:24,999] ERROR langserver.core.Connection - No notification type exists with method=$/cancelRequest
[2017-06-19 22:16:24,999] ERROR langserver.core.Connection - No notification type exists with method=$/cancelRequest
[2017-06-19 22:16:26,993] INFO org.github.dragos.vscode.EnsimeLanguageServer - Got hover request at (53, 47).
[2017-06-19 22:16:26,993] INFO org.github.dragos.vscode.EnsimeLanguageServer - Got hover request at (53, 47).
[2017-06-19 22:16:27,171] ERROR langserver.core.Connection - No notification type exists with method=$/cancelRequest
[2017-06-19 22:16:27,171] ERROR langserver.core.Connection - No notification type exists with method=$/cancelRequest
[2017-06-19 22:16:43,826] INFO org.github.dragos.vscode.EnsimeLanguageServer - Got hover request at (90, 45).
[2017-06-19 22:16:43,826] INFO org.github.dragos.vscode.EnsimeLanguageServer - Got hover request at (90, 45).
[2017-06-19 22:16:43,992] ERROR langserver.core.Connection - No notification type exists with method=$/cancelRequest
[2017-06-19 22:16:43,992] ERROR langserver.core.Connection - No notification type exists with method=$/cancelRequest
[2017-06-19 22:16:44,878] INFO org.github.dragos.vscode.EnsimeLanguageServer - Got hover request at (99, 40).
[2017-06-19 22:16:44,878] INFO org.github.dragos.vscode.EnsimeLanguageServer - Got hover request at (99, 40).
[2017-06-19 22:16:45,135] ERROR langserver.core.Connection - No notification type exists with method=$/cancelRequest
[2017-06-19 22:16:45,135] ERROR langserver.core.Connection - No notification type exists with method=$/cancelRequest
[2017-06-19 22:16:45,386] INFO org.github.dragos.vscode.EnsimeLanguageServer - Got hover request at (99, 38).
[2017-06-19 22:16:45,386] INFO org.github.dragos.vscode.EnsimeLanguageServer - Got hover request at (99, 38).
[2017-06-19 22:16:45,388] ERROR langserver.core.Connection - No notification type exists with method=$/cancelRequest
[2017-06-19 22:16:45,388] ERROR langserver.core.Connection - No notification type exists with method=$/cancelRequest
[2017-06-19 22:16:45,538] INFO org.github.dragos.vscode.EnsimeLanguageServer - Got hover request at (99, 38).
[2017-06-19 22:16:45,538] INFO org.github.dragos.vscode.EnsimeLanguageServer - Got hover request at (99, 38).
[2017-06-19 22:16:47,313] ERROR langserver.core.Connection - No notification type exists with method=$/cancelRequest
[2017-06-19 22:16:47,313] ERROR langserver.core.Connection - No notification type exists with method=$/cancelRequest
[2017-06-19 22:16:47,970] INFO org.github.dragos.vscode.EnsimeLanguageServer - Got hover request at (107, 38).
[2017-06-19 22:16:47,970] INFO org.github.dragos.vscode.EnsimeLanguageServer - Got hover request at (107, 38).
[2017-06-19 22:16:48,340] ERROR langserver.core.Connection - No notification type exists with method=$/cancelRequest
[2017-06-19 22:16:48,340] ERROR langserver.core.Connection - No notification type exists with method=$/cancelRequest
[2017-06-19 22:16:49,945] INFO org.github.dragos.vscode.EnsimeLanguageServer - Got hover request at (128, 37).
[2017-06-19 22:16:49,945] INFO org.github.dragos.vscode.EnsimeLanguageServer - Got hover request at (128, 37).
[2017-06-19 22:16:50,675] ERROR langserver.core.Connection - No notification type exists with method=$/cancelRequest
[2017-06-19 22:16:50,675] ERROR langserver.core.Connection - No notification type exists with method=$/cancelRequest
[2017-06-19 22:16:53,578] INFO org.github.dragos.vscode.EnsimeLanguageServer - Got hover request at (176, 36).
[2017-06-19 22:16:53,578] INFO org.github.dragos.vscode.EnsimeLanguageServer - Got hover request at (176, 36).
[2017-06-19 22:16:53,796] ERROR langserver.core.Connection - No notification type exists with method=$/cancelRequest
[2017-06-19 22:16:53,796] ERROR langserver.core.Connection - No notification type exists with method=$/cancelRequest
[2017-06-19 22:16:56,666] INFO org.github.dragos.vscode.EnsimeLanguageServer - Got hover request at (189, 2).
[2017-06-19 22:16:56,666] INFO org.github.dragos.vscode.EnsimeLanguageServer - Got hover request at (189, 2).
[2017-06-19 22:16:56,755] ERROR langserver.core.Connection - No notification type exists with method=$/cancelRequest
[2017-06-19 22:16:56,755] ERROR langserver.core.Connection - No notification type exists with method=$/cancelRequest
[2017-06-19 22:16:56,902] INFO org.github.dragos.vscode.EnsimeLanguageServer - Got hover request at (189, 3).
[2017-06-19 22:16:56,902] INFO org.github.dragos.vscode.EnsimeLanguageServer - Got hover request at (189, 3).
[2017-06-19 22:16:56,959] ERROR langserver.core.Connection - No notification type exists with method=$/cancelRequest
[2017-06-19 22:16:56,959] ERROR langserver.core.Connection - No notification type exists with method=$/cancelRequest
[2017-06-19 22:16:57,110] INFO org.github.dragos.vscode.EnsimeLanguageServer - Got hover request at (189, 3).
[2017-06-19 22:16:57,110] INFO org.github.dragos.vscode.EnsimeLanguageServer - Got hover request at (189, 3).
[2017-06-19 22:16:57,159] ERROR langserver.core.Connection - No notification type exists with method=$/cancelRequest
[2017-06-19 22:16:57,159] ERROR langserver.core.Connection - No notification type exists with method=$/cancelRequest
[2017-06-19 22:16:57,311] INFO org.github.dragos.vscode.EnsimeLanguageServer - Got hover request at (189, 5).
[2017-06-19 22:16:57,311] INFO org.github.dragos.vscode.EnsimeLanguageServer - Got hover request at (189, 5).
[2017-06-19 22:16:57,363] ERROR langserver.core.Connection - No notification type exists with method=$/cancelRequest
[2017-06-19 22:16:57,363] ERROR langserver.core.Connection - No notification type exists with method=$/cancelRequest
[2017-06-19 22:17:03,161] INFO org.github.dragos.vscode.EnsimeLanguageServer - Got hover request at (192, 5).
[2017-06-19 22:17:03,161] INFO org.github.dragos.vscode.EnsimeLanguageServer - Got hover request at (192, 5).
[2017-06-19 22:17:03,417] ERROR langserver.core.Connection - No notification type exists with method=$/cancelRequest
[2017-06-19 22:17:03,417] ERROR langserver.core.Connection - No notification type exists with method=$/cancelRequest
[2017-06-19 22:17:03,567] INFO org.github.dragos.vscode.EnsimeLanguageServer - Got hover request at (192, 11).
[2017-06-19 22:17:03,567] INFO org.github.dragos.vscode.EnsimeLanguageServer - Got hover request at (192, 11).
[2017-06-19 22:17:03,705] ERROR langserver.core.Connection - No notification type exists with method=$/cancelRequest
[2017-06-19 22:17:03,705] ERROR langserver.core.Connection - No notification type exists with method=$/cancelRequest
[2017-06-19 22:17:04,656] INFO org.github.dragos.vscode.EnsimeLanguageServer - Got hover request at (190, 5).
[2017-06-19 22:17:04,656] INFO org.github.dragos.vscode.EnsimeLanguageServer - Got hover request at (190, 5).
[2017-06-19 22:17:04,773] ERROR langserver.core.Connection - No notification type exists with method=$/cancelRequest
[2017-06-19 22:17:04,773] ERROR langserver.core.Connection - No notification type exists with method=$/cancelRequest
[2017-06-19 22:17:06,055] INFO org.github.dragos.vscode.EnsimeLanguageServer - Got hover request at (190, 9).
[2017-06-19 22:17:06,055] INFO org.github.dragos.vscode.EnsimeLanguageServer - Got hover request at (190, 9).
[2017-06-19 22:17:06,071] ERROR langserver.core.Connection - No notification type exists with method=$/cancelRequest
[2017-06-19 22:17:06,071] ERROR langserver.core.Connection - No notification type exists with method=$/cancelRequest
[2017-06-19 22:17:06,466] INFO org.github.dragos.vscode.EnsimeLanguageServer - Got hover request at (190, 9).
[2017-06-19 22:17:06,466] INFO org.github.dragos.vscode.EnsimeLanguageServer - Got hover request at (190, 9).
[2017-06-19 22:17:06,517] ERROR langserver.core.Connection - No notification type exists with method=$/cancelRequest
[2017-06-19 22:17:06,517] ERROR langserver.core.Connection - No notification type exists with method=$/cancelRequest
[2017-06-19 22:17:16,634] DEBUG org.github.dragos.vscode.EnsimeLanguageServer - Removing ${td.uri} from Ensime.
[2017-06-19 22:17:16,634] DEBUG org.github.dragos.vscode.EnsimeLanguageServer - Removing ${td.uri} from Ensime.
[2017-06-19 22:17:17,317] INFO org.github.dragos.vscode.EnsimeLanguageServer - Got hover request at (21, 18).
[2017-06-19 22:17:17,317] INFO org.github.dragos.vscode.EnsimeLanguageServer - Got hover request at (21, 18).
[2017-06-19 22:17:17,634] ERROR langserver.core.Connection - No notification type exists with method=$/cancelRequest
[2017-06-19 22:17:17,634] ERROR langserver.core.Connection - No notification type exists with method=$/cancelRequest
[2017-06-19 22:17:20,104] INFO org.github.dragos.vscode.EnsimeLanguageServer - Got hover request at (13, 32).
[2017-06-19 22:17:20,104] INFO org.github.dragos.vscode.EnsimeLanguageServer - Got hover request at (13, 32).
[2017-06-19 22:17:20,268] ERROR langserver.core.Connection - No notification type exists with method=$/cancelRequest
[2017-06-19 22:17:20,268] ERROR langserver.core.Connection - No notification type exists with method=$/cancelRequest
[2017-06-19 22:17:23,638] INFO org.github.dragos.vscode.EnsimeLanguageServer - Got hover request at (10, 21).
[2017-06-19 22:17:23,638] INFO org.github.dragos.vscode.EnsimeLanguageServer - Got hover request at (10, 21).
[2017-06-19 22:17:23,858] ERROR langserver.core.Connection - No notification type exists with method=$/cancelRequest
[2017-06-19 22:17:23,858] ERROR langserver.core.Connection - No notification type exists with method=$/cancelRequest
[2017-06-19 22:17:24,008] INFO org.github.dragos.vscode.EnsimeLanguageServer - Got hover request at (9, 22).
[2017-06-19 22:17:24,008] INFO org.github.dragos.vscode.EnsimeLanguageServer - Got hover request at (9, 22).
[2017-06-19 22:17:45,469] ERROR langserver.core.Connection - No notification type exists with method=$/cancelRequest
[2017-06-19 22:17:45,469] ERROR langserver.core.Connection - No notification type exists with method=$/cancelRequest
[2017-06-19 22:18:17,624] DEBUG org.github.dragos.vscode.EnsimeLanguageServer - Removing ${td.uri} from Ensime.
[2017-06-19 22:18:17,624] DEBUG org.github.dragos.vscode.EnsimeLanguageServer - Removing ${td.uri} from Ensime.
[2017-06-19 22:18:19,253] INFO org.github.dragos.vscode.EnsimeLanguageServer - Got hover request at (13, 7).
[2017-06-19 22:18:19,253] INFO org.github.dragos.vscode.EnsimeLanguageServer - Got hover request at (13, 7).
[2017-06-19 22:18:19,825] ERROR langserver.core.Connection - No notification type exists with method=$/cancelRequest
[2017-06-19 22:18:19,825] ERROR langserver.core.Connection - No notification type exists with method=$/cancelRequest
[2017-06-19 22:18:19,978] INFO org.github.dragos.vscode.EnsimeLanguageServer - Got hover request at (13, 7).
[2017-06-19 22:18:19,978] INFO org.github.dragos.vscode.EnsimeLanguageServer - Got hover request at (13, 7).
[2017-06-19 22:18:20,872] ERROR langserver.core.Connection - No notification type exists with method=$/cancelRequest
[2017-06-19 22:18:20,872] ERROR langserver.core.Connection - No notification type exists with method=$/cancelRequest
[2017-06-19 22:18:22,766] INFO org.github.dragos.vscode.EnsimeLanguageServer - Got hover request at (17, 15).
[2017-06-19 22:18:22,766] INFO org.github.dragos.vscode.EnsimeLanguageServer - Got hover request at (17, 15).
[2017-06-19 22:18:24,286] ERROR langserver.core.Connection - No notification type exists with method=$/cancelRequest
[2017-06-19 22:18:24,286] ERROR langserver.core.Connection - No notification type exists with method=$/cancelRequest
[2017-06-19 22:18:24,436] INFO org.github.dragos.vscode.EnsimeLanguageServer - Got hover request at (17, 16).
[2017-06-19 22:18:24,436] INFO org.github.dragos.vscode.EnsimeLanguageServer - Got hover request at (17, 16).
[2017-06-19 22:18:24,528] ERROR langserver.core.Connection - No notification type exists with method=$/cancelRequest
[2017-06-19 22:18:24,528] ERROR langserver.core.Connection - No notification type exists with method=$/cancelRequest
[2017-06-19 22:18:27,895] INFO org.github.dragos.vscode.EnsimeLanguageServer - Got hover request at (21, 30).
[2017-06-19 22:18:27,895] INFO org.github.dragos.vscode.EnsimeLanguageServer - Got hover request at (21, 30).
[2017-06-19 22:18:28,045] ERROR langserver.core.Connection - No notification type exists with method=$/cancelRequest
[2017-06-19 22:18:28,045] ERROR langserver.core.Connection - No notification type exists with method=$/cancelRequest
[2017-06-19 22:18:28,198] INFO org.github.dragos.vscode.EnsimeLanguageServer - Got hover request at (21, 30).
[2017-06-19 22:18:28,198] INFO org.github.dragos.vscode.EnsimeLanguageServer - Got hover request at (21, 30).
[2017-06-19 22:18:28,254] ERROR langserver.core.Connection - No notification type exists with method=$/cancelRequest
[2017-06-19 22:18:28,254] ERROR langserver.core.Connection - No notification type exists with method=$/cancelRequest
[2017-06-19 22:18:30,121] INFO org.github.dragos.vscode.EnsimeLanguageServer - Got hover request at (23, 10).
[2017-06-19 22:18:30,121] INFO org.github.dragos.vscode.EnsimeLanguageServer - Got hover request at (23, 10).
[2017-06-19 22:18:30,425] ERROR langserver.core.Connection - No notification type exists with method=$/cancelRequest
[2017-06-19 22:18:30,425] ERROR langserver.core.Connection - No notification type exists with method=$/cancelRequest
[2017-06-19 22:18:31,995] INFO org.github.dragos.vscode.EnsimeLanguageServer - Got hover request at (26, 16).
[2017-06-19 22:18:31,995] INFO org.github.dragos.vscode.EnsimeLanguageServer - Got hover request at (26, 16).
[2017-06-19 22:18:32,477] ERROR langserver.core.Connection - No notification type exists with method=$/cancelRequest
[2017-06-19 22:18:32,477] ERROR langserver.core.Connection - No notification type exists with method=$/cancelRequest
[2017-06-19 22:18:32,627] INFO org.github.dragos.vscode.EnsimeLanguageServer - Got hover request at (26, 17).
[2017-06-19 22:18:32,627] INFO org.github.dragos.vscode.EnsimeLanguageServer - Got hover request at (26, 17).
[2017-06-19 22:18:33,537] ERROR langserver.core.Connection - No notification type exists with method=$/cancelRequest
[2017-06-19 22:18:33,537] ERROR langserver.core.Connection - No notification type exists with method=$/cancelRequest
[2017-06-19 22:18:34,187] INFO org.github.dragos.vscode.EnsimeLanguageServer - Got hover request at (26, 56).
[2017-06-19 22:18:34,187] INFO org.github.dragos.vscode.EnsimeLanguageServer - Got hover request at (26, 56).
[2017-06-19 22:18:37,084] ERROR langserver.core.Connection - No notification type exists with method=$/cancelRequest
[2017-06-19 22:18:37,084] ERROR langserver.core.Connection - No notification type exists with method=$/cancelRequest
[2017-06-19 22:18:43,842] DEBUG org.github.dragos.vscode.EnsimeLanguageServer - Removing ${td.uri} from Ensime.
[2017-06-19 22:18:43,842] DEBUG org.github.dragos.vscode.EnsimeLanguageServer - Removing ${td.uri} from Ensime.
[2017-06-19 22:18:44,418] INFO org.github.dragos.vscode.EnsimeLanguageServer - Got hover request at (14, 9).
[2017-06-19 22:18:44,418] INFO org.github.dragos.vscode.EnsimeLanguageServer - Got hover request at (14, 9).
[2017-06-19 22:18:44,486] ERROR langserver.core.Connection - No notification type exists with method=$/cancelRequest
[2017-06-19 22:18:44,486] ERROR langserver.core.Connection - No notification type exists with method=$/cancelRequest
[2017-06-19 22:18:44,837] INFO org.github.dragos.vscode.EnsimeLanguageServer - Got hover request at (20, 38).
[2017-06-19 22:18:44,837] INFO org.github.dragos.vscode.EnsimeLanguageServer - Got hover request at (20, 38).
[2017-06-19 22:18:44,954] ERROR langserver.core.Connection - No notification type exists with method=$/cancelRequest
[2017-06-19 22:18:44,954] ERROR langserver.core.Connection - No notification type exists with method=$/cancelRequest
[2017-06-19 22:19:02,599] DEBUG org.github.dragos.vscode.EnsimeLanguageServer - Removing ${td.uri} from Ensime.
[2017-06-19 22:19:02,599] DEBUG org.github.dragos.vscode.EnsimeLanguageServer - Removing ${td.uri} from Ensime.
[2017-06-19 22:19:03,538] INFO org.github.dragos.vscode.EnsimeLanguageServer - Got hover request at (26, 8).
[2017-06-19 22:19:03,538] INFO org.github.dragos.vscode.EnsimeLanguageServer - Got hover request at (26, 8).
[2017-06-19 22:19:03,961] ERROR langserver.core.Connection - No notification type exists with method=$/cancelRequest
[2017-06-19 22:19:03,961] ERROR langserver.core.Connection - No notification type exists with method=$/cancelRequest
[2017-06-19 22:22:14,725] INFO org.github.dragos.vscode.EnsimeLanguageServer - Got hover request at (24, 50).
[2017-06-19 22:22:14,725] INFO org.github.dragos.vscode.EnsimeLanguageServer - Got hover request at (24, 50).
[2017-06-19 22:22:14,744] ERROR langserver.core.Connection - No notification type exists with method=$/cancelRequest
[2017-06-19 22:22:14,744] ERROR langserver.core.Connection - No notification type exists with method=$/cancelRequest
[2017-06-19 22:22:25,004] DEBUG org.github.dragos.vscode.EnsimeLanguageServer - Removing ${td.uri} from Ensime.
[2017-06-19 22:22:25,004] DEBUG org.github.dragos.vscode.EnsimeLanguageServer - Removing ${td.uri} from Ensime.
[2017-06-19 22:24:34,495] INFO org.github.dragos.vscode.EnsimeLanguageServer - Got hover request at (16, 24).
[2017-06-19 22:24:34,495] INFO org.github.dragos.vscode.EnsimeLanguageServer - Got hover request at (16, 24).
[2017-06-19 22:24:34,808] ERROR langserver.core.Connection - No notification type exists with method=$/cancelRequest
[2017-06-19 22:24:34,808] ERROR langserver.core.Connection - No notification type exists with method=$/cancelRequest
[2017-06-19 22:30:59,580] DEBUG org.github.dragos.vscode.EnsimeLanguageServer - Removing ${td.uri} from Ensime.
[2017-06-19 22:30:59,580] DEBUG org.github.dragos.vscode.EnsimeLanguageServer - Removing ${td.uri} from Ensime.
[2017-06-19 22:31:10,234] INFO org.github.dragos.vscode.EnsimeLanguageServer - Got hover request at (14, 28).
[2017-06-19 22:31:10,234] INFO org.github.dragos.vscode.EnsimeLanguageServer - Got hover request at (14, 28).
[2017-06-19 22:31:10,285] ERROR langserver.core.Connection - No notification type exists with method=$/cancelRequest
[2017-06-19 22:31:10,285] ERROR langserver.core.Connection - No notification type exists with method=$/cancelRequest
[2017-06-19 22:31:10,944] INFO org.github.dragos.vscode.EnsimeLanguageServer - Got hover request at (16, 50).
[2017-06-19 22:31:10,944] INFO org.github.dragos.vscode.EnsimeLanguageServer - Got hover request at (16, 50).
[2017-06-19 22:31:11,362] ERROR langserver.core.Connection - No notification type exists with method=$/cancelRequest
[2017-06-19 22:31:11,362] ERROR langserver.core.Connection - No notification type exists with method=$/cancelRequest
[2017-06-19 22:31:11,913] INFO org.github.dragos.vscode.EnsimeLanguageServer - Got hover request at (14, 47).
[2017-06-19 22:31:11,913] INFO org.github.dragos.vscode.EnsimeLanguageServer - Got hover request at (14, 47).
[2017-06-19 22:31:12,087] ERROR langserver.core.Connection - No notification type exists with method=$/cancelRequest
[2017-06-19 22:31:12,087] ERROR langserver.core.Connection - No notification type exists with method=$/cancelRequest
[2017-06-19 22:31:13,933] INFO org.github.dragos.vscode.EnsimeLanguageServer - Got hover request at (16, 18).
[2017-06-19 22:31:13,933] INFO org.github.dragos.vscode.EnsimeLanguageServer - Got hover request at (16, 18).
[2017-06-19 22:31:13,946] ERROR langserver.core.Connection - No notification type exists with method=$/cancelRequest
[2017-06-19 22:31:13,946] ERROR langserver.core.Connection - No notification type exists with method=$/cancelRequest
[2017-06-19 22:31:18,245] DEBUG org.github.dragos.vscode.EnsimeLanguageServer - Removing ${td.uri} from Ensime.
[2017-06-19 22:31:18,245] DEBUG org.github.dragos.vscode.EnsimeLanguageServer - Removing ${td.uri} from Ensime.
[2017-06-19 22:31:21,359] DEBUG org.github.dragos.vscode.EnsimeLanguageServer - Removing ${td.uri} from Ensime.
[2017-06-19 22:31:21,359] DEBUG org.github.dragos.vscode.EnsimeLanguageServer - Removing ${td.uri} from Ensime.
[2017-06-19 22:31:27,243] DEBUG org.github.dragos.vscode.EnsimeLanguageServer - Removing ${td.uri} from Ensime.
[2017-06-19 22:31:27,243] DEBUG org.github.dragos.vscode.EnsimeLanguageServer - Removing ${td.uri} from Ensime.
[2017-06-19 22:36:04,717] DEBUG org.github.dragos.vscode.EnsimeLanguageServer - Removing ${td.uri} from Ensime.
[2017-06-19 22:36:04,717] DEBUG org.github.dragos.vscode.EnsimeLanguageServer - Removing ${td.uri} from Ensime.
[2017-06-19 22:36:06,005] INFO org.github.dragos.vscode.EnsimeLanguageServer - Got hover request at (18, 28).
[2017-06-19 22:36:06,005] INFO org.github.dragos.vscode.EnsimeLanguageServer - Got hover request at (18, 28).
[2017-06-19 22:36:06,172] ERROR langserver.core.Connection - No notification type exists with method=$/cancelRequest
[2017-06-19 22:36:06,172] ERROR langserver.core.Connection - No notification type exists with method=$/cancelRequest
[2017-06-19 22:36:08,047] INFO org.github.dragos.vscode.EnsimeLanguageServer - Got hover request at (35, 16).
[2017-06-19 22:36:08,047] INFO org.github.dragos.vscode.EnsimeLanguageServer - Got hover request at (35, 16).
[2017-06-19 22:36:08,492] ERROR langserver.core.Connection - No notification type exists with method=$/cancelRequest
[2017-06-19 22:36:08,492] ERROR langserver.core.Connection - No notification type exists with method=$/cancelRequest
[2017-06-19 22:36:08,642] INFO org.github.dragos.vscode.EnsimeLanguageServer - Got hover request at (35, 16).
[2017-06-19 22:36:08,642] INFO org.github.dragos.vscode.EnsimeLanguageServer - Got hover request at (35, 16).
[2017-06-19 22:36:08,735] ERROR langserver.core.Connection - No notification type exists with method=$/cancelRequest
[2017-06-19 22:36:08,735] ERROR langserver.core.Connection - No notification type exists with method=$/cancelRequest
[2017-06-19 22:36:09,042] INFO org.github.dragos.vscode.EnsimeLanguageServer - Got hover request at (46, 15).
[2017-06-19 22:36:09,042] INFO org.github.dragos.vscode.EnsimeLanguageServer - Got hover request at (46, 15).
[2017-06-19 22:36:09,219] ERROR langserver.core.Connection - No notification type exists with method=$/cancelRequest
[2017-06-19 22:36:09,219] ERROR langserver.core.Connection - No notification type exists with method=$/cancelRequest
[2017-06-19 22:36:09,367] INFO org.github.dragos.vscode.EnsimeLanguageServer - Got hover request at (46, 15).
[2017-06-19 22:36:09,367] INFO org.github.dragos.vscode.EnsimeLanguageServer - Got hover request at (46, 15).
[2017-06-19 22:36:09,536] ERROR langserver.core.Connection - No notification type exists with method=$/cancelRequest
[2017-06-19 22:36:09,536] ERROR langserver.core.Connection - No notification type exists with method=$/cancelRequest
[2017-06-19 22:36:09,886] INFO org.github.dragos.vscode.EnsimeLanguageServer - Got hover request at (46, 11).
[2017-06-19 22:36:09,886] INFO org.github.dragos.vscode.EnsimeLanguageServer - Got hover request at (46, 11).
[2017-06-19 22:36:10,203] ERROR langserver.core.Connection - No notification type exists with method=$/cancelRequest
[2017-06-19 22:36:10,203] ERROR langserver.core.Connection - No notification type exists with method=$/cancelRequest
[2017-06-19 22:36:10,354] INFO org.github.dragos.vscode.EnsimeLanguageServer - Got hover request at (46, 10).
[2017-06-19 22:36:10,354] INFO org.github.dragos.vscode.EnsimeLanguageServer - Got hover request at (46, 10).
[2017-06-19 22:36:10,504] ERROR langserver.core.Connection - No notification type exists with method=$/cancelRequest
[2017-06-19 22:36:10,504] ERROR langserver.core.Connection - No notification type exists with method=$/cancelRequest
[2017-06-19 22:36:10,654] INFO org.github.dragos.vscode.EnsimeLanguageServer - Got hover request at (46, 10).
[2017-06-19 22:36:10,654] INFO org.github.dragos.vscode.EnsimeLanguageServer - Got hover request at (46, 10).
[2017-06-19 22:36:10,695] ERROR langserver.core.Connection - No notification type exists with method=$/cancelRequest
[2017-06-19 22:36:10,695] ERROR langserver.core.Connection - No notification type exists with method=$/cancelRequest
[2017-06-19 22:37:13,081] INFO org.github.dragos.vscode.EnsimeLanguageServer - Got hover request at (54, 19).
[2017-06-19 22:37:13,081] INFO org.github.dragos.vscode.EnsimeLanguageServer - Got hover request at (54, 19).
[2017-06-19 22:37:13,181] ERROR langserver.core.Connection - No notification type exists with method=$/cancelRequest
[2017-06-19 22:37:13,181] ERROR langserver.core.Connection - No notification type exists with method=$/cancelRequest
[2017-06-19 22:37:19,078] DEBUG org.github.dragos.vscode.EnsimeLanguageServer - Removing ${td.uri} from Ensime.
[2017-06-19 22:37:19,078] DEBUG org.github.dragos.vscode.EnsimeLanguageServer - Removing ${td.uri} from Ensime.
[2017-06-19 22:37:23,911] INFO org.github.dragos.vscode.EnsimeLanguageServer - Got hover request at (19, 9).
[2017-06-19 22:37:23,911] INFO org.github.dragos.vscode.EnsimeLanguageServer - Got hover request at (19, 9).
[2017-06-19 22:37:24,385] ERROR langserver.core.Connection - No notification type exists with method=$/cancelRequest
[2017-06-19 22:37:24,385] ERROR langserver.core.Connection - No notification type exists with method=$/cancelRequest
[2017-06-19 22:37:27,633] INFO org.github.dragos.vscode.EnsimeLanguageServer - Got hover request at (15, 20).
[2017-06-19 22:37:27,633] INFO org.github.dragos.vscode.EnsimeLanguageServer - Got hover request at (15, 20).
[2017-06-19 22:37:27,754] ERROR langserver.core.Connection - No notification type exists with method=$/cancelRequest
[2017-06-19 22:37:27,754] ERROR langserver.core.Connection - No notification type exists with method=$/cancelRequest
[2017-06-19 22:37:29,384] INFO org.github.dragos.vscode.EnsimeLanguageServer - Got hover request at (16, 11).
[2017-06-19 22:37:29,384] INFO org.github.dragos.vscode.EnsimeLanguageServer - Got hover request at (16, 11).
[2017-06-19 22:37:29,566] ERROR langserver.core.Connection - No notification type exists with method=$/cancelRequest
[2017-06-19 22:37:29,566] ERROR langserver.core.Connection - No notification type exists with method=$/cancelRequest
[2017-06-19 22:37:30,239] INFO org.github.dragos.vscode.EnsimeLanguageServer - Got hover request at (16, 30).
[2017-06-19 22:37:30,239] INFO org.github.dragos.vscode.EnsimeLanguageServer - Got hover request at (16, 30).
[2017-06-19 22:37:30,369] ERROR langserver.core.Connection - No notification type exists with method=$/cancelRequest
[2017-06-19 22:37:30,369] ERROR langserver.core.Connection - No notification type exists with method=$/cancelRequest
[2017-06-19 22:37:32,891] INFO org.github.dragos.vscode.EnsimeLanguageServer - Got hover request at (19, 5).
[2017-06-19 22:37:32,891] INFO org.github.dragos.vscode.EnsimeLanguageServer - Got hover request at (19, 5).
[2017-06-19 22:37:32,946] ERROR langserver.core.Connection - No notification type exists with method=$/cancelRequest
[2017-06-19 22:37:32,946] ERROR langserver.core.Connection - No notification type exists with method=$/cancelRequest
[2017-06-19 22:37:39,548] INFO org.github.dragos.vscode.EnsimeLanguageServer - Got hover request at (23, 2).
[2017-06-19 22:37:39,548] INFO org.github.dragos.vscode.EnsimeLanguageServer - Got hover request at (23, 2).
[2017-06-19 22:37:39,665] ERROR langserver.core.Connection - No notification type exists with method=$/cancelRequest
[2017-06-19 22:37:39,665] ERROR langserver.core.Connection - No notification type exists with method=$/cancelRequest
[2017-06-19 22:37:40,918] INFO org.github.dragos.vscode.EnsimeLanguageServer - Got hover request at (27, 23).
[2017-06-19 22:37:40,918] INFO org.github.dragos.vscode.EnsimeLanguageServer - Got hover request at (27, 23).
[2017-06-19 22:37:40,965] ERROR langserver.core.Connection - No notification type exists with method=$/cancelRequest
[2017-06-19 22:37:40,965] ERROR langserver.core.Connection - No notification type exists with method=$/cancelRequest
[2017-06-19 22:37:41,115] INFO org.github.dragos.vscode.EnsimeLanguageServer - Got hover request at (27, 24).
[2017-06-19 22:37:41,115] INFO org.github.dragos.vscode.EnsimeLanguageServer - Got hover request at (27, 24).
[2017-06-19 22:37:41,266] ERROR langserver.core.Connection - No notification type exists with method=$/cancelRequest
[2017-06-19 22:37:41,266] ERROR langserver.core.Connection - No notification type exists with method=$/cancelRequest
[2017-06-19 22:37:42,164] INFO org.github.dragos.vscode.EnsimeLanguageServer - Got hover request at (38, 24).
[2017-06-19 22:37:42,164] INFO org.github.dragos.vscode.EnsimeLanguageServer - Got hover request at (38, 24).
[2017-06-19 22:37:43,412] ERROR langserver.core.Connection - No notification type exists with method=$/cancelRequest
[2017-06-19 22:37:43,412] ERROR langserver.core.Connection - No notification type exists with method=$/cancelRequest
[2017-06-19 22:39:22,637] DEBUG org.github.dragos.vscode.EnsimeLanguageServer - Removing ${td.uri} from Ensime.
[2017-06-19 22:39:22,637] DEBUG org.github.dragos.vscode.EnsimeLanguageServer - Removing ${td.uri} from Ensime.
[2017-06-19 22:39:24,949] INFO org.github.dragos.vscode.EnsimeLanguageServer - Got hover request at (27, 13).
[2017-06-19 22:39:24,949] INFO org.github.dragos.vscode.EnsimeLanguageServer - Got hover request at (27, 13).
[2017-06-19 22:39:25,073] ERROR langserver.core.Connection - No notification type exists with method=$/cancelRequest
[2017-06-19 22:39:25,073] ERROR langserver.core.Connection - No notification type exists with method=$/cancelRequest
[2017-06-19 22:40:27,609] INFO org.github.dragos.vscode.EnsimeLanguageServer - Got hover request at (79, 6).
[2017-06-19 22:40:27,609] INFO org.github.dragos.vscode.EnsimeLanguageServer - Got hover request at (79, 6).
[2017-06-19 22:40:27,889] ERROR langserver.core.Connection - No notification type exists with method=$/cancelRequest
[2017-06-19 22:40:27,889] ERROR langserver.core.Connection - No notification type exists with method=$/cancelRequest
[2017-06-19 22:40:28,040] INFO org.github.dragos.vscode.EnsimeLanguageServer - Got hover request at (79, 15).
[2017-06-19 22:40:28,040] INFO org.github.dragos.vscode.EnsimeLanguageServer - Got hover request at (79, 15).
[2017-06-19 22:40:28,090] ERROR langserver.core.Connection - No notification type exists with method=$/cancelRequest
[2017-06-19 22:40:28,090] ERROR langserver.core.Connection - No notification type exists with method=$/cancelRequest
[2017-06-19 22:48:49,885] DEBUG org.github.dragos.vscode.EnsimeLanguageServer - Removing ${td.uri} from Ensime.
[2017-06-19 22:48:49,885] DEBUG org.github.dragos.vscode.EnsimeLanguageServer - Removing ${td.uri} from Ensime.
[2017-06-19 22:48:50,863] INFO org.github.dragos.vscode.EnsimeLanguageServer - Got hover request at (32, 28).
[2017-06-19 22:48:50,863] INFO org.github.dragos.vscode.EnsimeLanguageServer - Got hover request at (32, 28).
[2017-06-19 22:48:51,281] ERROR langserver.core.Connection - No notification type exists with method=$/cancelRequest
[2017-06-19 22:48:51,281] ERROR langserver.core.Connection - No notification type exists with method=$/cancelRequest
[2017-06-19 22:49:07,397] DEBUG org.github.dragos.vscode.EnsimeLanguageServer - Removing ${td.uri} from Ensime.
[2017-06-19 22:49:07,397] DEBUG org.github.dragos.vscode.EnsimeLanguageServer - Removing ${td.uri} from Ensime.
[2017-06-19 22:49:09,167] DEBUG org.github.dragos.vscode.EnsimeLanguageServer - Removing ${td.uri} from Ensime.
[2017-06-19 22:49:09,167] DEBUG org.github.dragos.vscode.EnsimeLanguageServer - Removing ${td.uri} from Ensime.
[2017-06-19 22:49:11,174] INFO org.github.dragos.vscode.EnsimeLanguageServer - Got hover request at (66, 36).
[2017-06-19 22:49:11,174] INFO org.github.dragos.vscode.EnsimeLanguageServer - Got hover request at (66, 36).
[2017-06-19 22:49:11,309] ERROR langserver.core.Connection - No notification type exists with method=$/cancelRequest
[2017-06-19 22:49:11,309] ERROR langserver.core.Connection - No notification type exists with method=$/cancelRequest
[2017-06-19 22:49:12,953] INFO org.github.dragos.vscode.EnsimeLanguageServer - Got hover request at (51, 38).
[2017-06-19 22:49:12,953] INFO org.github.dragos.vscode.EnsimeLanguageServer - Got hover request at (51, 38).
[2017-06-19 22:49:13,561] ERROR langserver.core.Connection - No notification type exists with method=$/cancelRequest
[2017-06-19 22:49:13,561] ERROR langserver.core.Connection - No notification type exists with method=$/cancelRequest
[2017-06-19 22:50:58,326] INFO org.github.dragos.vscode.EnsimeLanguageServer - Got hover request at (95, 33).
[2017-06-19 22:50:58,326] INFO org.github.dragos.vscode.EnsimeLanguageServer - Got hover request at (95, 33).
[2017-06-19 22:50:58,731] ERROR langserver.core.Connection - No notification type exists with method=$/cancelRequest
[2017-06-19 22:50:58,731] ERROR langserver.core.Connection - No notification type exists with method=$/cancelRequest
[2017-06-19 22:51:05,533] DEBUG org.github.dragos.vscode.EnsimeLanguageServer - Removing ${td.uri} from Ensime.
[2017-06-19 22:51:05,533] DEBUG org.github.dragos.vscode.EnsimeLanguageServer - Removing ${td.uri} from Ensime.
[2017-06-19 22:51:06,461] INFO org.github.dragos.vscode.EnsimeLanguageServer - Got hover request at (20, 18).
[2017-06-19 22:51:06,461] INFO org.github.dragos.vscode.EnsimeLanguageServer - Got hover request at (20, 18).
[2017-06-19 22:51:06,645] ERROR langserver.core.Connection - No notification type exists with method=$/cancelRequest
[2017-06-19 22:51:06,645] ERROR langserver.core.Connection - No notification type exists with method=$/cancelRequest
[2017-06-19 22:51:10,156] INFO org.github.dragos.vscode.EnsimeLanguageServer - Got hover request at (21, 25).
[2017-06-19 22:51:10,156] INFO org.github.dragos.vscode.EnsimeLanguageServer - Got hover request at (21, 25).
[2017-06-19 22:51:10,273] ERROR langserver.core.Connection - No notification type exists with method=$/cancelRequest
[2017-06-19 22:51:10,273] ERROR langserver.core.Connection - No notification type exists with method=$/cancelRequest
[2017-06-19 22:51:11,730] INFO org.github.dragos.vscode.EnsimeLanguageServer - Got hover request at (17, 46).
[2017-06-19 22:51:11,730] INFO org.github.dragos.vscode.EnsimeLanguageServer - Got hover request at (17, 46).
[2017-06-19 22:51:12,235] ERROR langserver.core.Connection - No notification type exists with method=$/cancelRequest
[2017-06-19 22:51:12,235] ERROR langserver.core.Connection - No notification type exists with method=$/cancelRequest
[2017-06-19 22:51:12,385] INFO org.github.dragos.vscode.EnsimeLanguageServer - Got hover request at (17, 47).
[2017-06-19 22:51:12,385] INFO org.github.dragos.vscode.EnsimeLanguageServer - Got hover request at (17, 47).
[2017-06-19 22:51:12,456] ERROR langserver.core.Connection - No notification type exists with method=$/cancelRequest
[2017-06-19 22:51:12,456] ERROR langserver.core.Connection - No notification type exists with method=$/cancelRequest
[2017-06-19 22:54:15,242] DEBUG org.github.dragos.vscode.EnsimeLanguageServer - Removing ${td.uri} from Ensime.
[2017-06-19 22:54:15,242] DEBUG org.github.dragos.vscode.EnsimeLanguageServer - Removing ${td.uri} from Ensime.
[2017-06-19 22:54:47,490] INFO org.github.dragos.vscode.EnsimeLanguageServer - Got hover request at (33, 32).
[2017-06-19 22:54:47,490] INFO org.github.dragos.vscode.EnsimeLanguageServer - Got hover request at (33, 32).
[2017-06-19 22:54:48,824] ERROR langserver.core.Connection - No notification type exists with method=$/cancelRequest
[2017-06-19 22:54:48,824] ERROR langserver.core.Connection - No notification type exists with method=$/cancelRequest
[2017-06-19 22:55:02,769] DEBUG org.github.dragos.vscode.EnsimeLanguageServer - Removing ${td.uri} from Ensime.
[2017-06-19 22:55:02,769] DEBUG org.github.dragos.vscode.EnsimeLanguageServer - Removing ${td.uri} from Ensime.
